{"text": "2024-01-22 06:25:13 | INFO    | __main__:stash:131 | run - {'image': '20231121', 'version': '0.10.1.post2', 'role': 'EpicPlayer', 'headless': True}\n", "record": {"elapsed": {"repr": "0:00:01.782387", "seconds": 1.782387}, "exception": null, "extra": {"image": "20231121", "version": "0.10.1.post2", "role": "EpicPlayer", "headless": true}, "file": {"name": "claim.py", "path": "/home/runner/work/Epic-Free-Games/Epic-Free-Games/epic/src/claim.py"}, "function": "stash", "level": {"icon": "‚ÑπÔ∏è", "name": "INFO", "no": 20}, "line": 131, "message": "run", "module": "claim", "name": "__main__", "process": {"id": 3572, "name": "MainProcess"}, "thread": {"id": 140701863902080, "name": "MainThread"}, "time": {"repr": "2024-01-22 06:25:13.748864+08:00", "timestamp": 1705875913.748864}}}
{"text": "2024-01-22 06:25:19 | WARNING    | epic_games.agent:get_order_history:467 | Failed to get order history, cookie may have expired - {}\n", "record": {"elapsed": {"repr": "0:00:07.767393", "seconds": 7.767393}, "exception": null, "extra": {}, "file": {"name": "agent.py", "path": "/home/runner/work/Epic-Free-Games/Epic-Free-Games/epic/src/epic_games/agent.py"}, "function": "get_order_history", "level": {"icon": "‚ö†Ô∏è", "name": "WARNING", "no": 30}, "line": 467, "message": "Failed to get order history, cookie may have expired", "module": "agent", "name": "epic_games.agent", "process": {"id": 3572, "name": "MainProcess"}, "thread": {"id": 140701863902080, "name": "MainThread"}, "time": {"repr": "2024-01-22 06:25:19.733870+08:00", "timestamp": 1705875919.73387}}}
{"text": "2024-01-22 06:25:20 | DEBUG    | __main__:create_tasks:66 | Put task - {'title': 'LOVE', 'url': 'https://store.epicgames.com/en-US/p/love-65c4d0'}\n", "record": {"elapsed": {"repr": "0:00:08.166660", "seconds": 8.16666}, "exception": null, "extra": {"title": "LOVE", "url": "https://store.epicgames.com/en-US/p/love-65c4d0"}, "file": {"name": "claim.py", "path": "/home/runner/work/Epic-Free-Games/Epic-Free-Games/epic/src/claim.py"}, "function": "create_tasks", "level": {"icon": "üêû", "name": "DEBUG", "no": 10}, "line": 66, "message": "Put task", "module": "claim", "name": "__main__", "process": {"id": 3572, "name": "MainProcess"}, "thread": {"id": 140701863902080, "name": "MainThread"}, "time": {"repr": "2024-01-22 06:25:20.133137+08:00", "timestamp": 1705875920.133137}}}
{"text": "2024-01-22 06:25:24 | INFO    | epic_games.agent:claim_weekly_games:294 | claim_weekly_games - {'action': 'go to store', 'url': 'https://store.epicgames.com/en-US/p/love-65c4d0'}\n", "record": {"elapsed": {"repr": "0:00:12.527407", "seconds": 12.527407}, "exception": null, "extra": {"action": "go to store", "url": "https://store.epicgames.com/en-US/p/love-65c4d0"}, "file": {"name": "agent.py", "path": "/home/runner/work/Epic-Free-Games/Epic-Free-Games/epic/src/epic_games/agent.py"}, "function": "claim_weekly_games", "level": {"icon": "‚ÑπÔ∏è", "name": "INFO", "no": 20}, "line": 294, "message": "claim_weekly_games", "module": "agent", "name": "epic_games.agent", "process": {"id": 3572, "name": "MainProcess"}, "thread": {"id": 140701863902080, "name": "MainThread"}, "time": {"repr": "2024-01-22 06:25:24.493884+08:00", "timestamp": 1705875924.493884}}}
{"text": "2024-01-22 06:25:34 | INFO    | epic_games.agent:claim_weekly_games:326 | claim_weekly_games - {'action': 'move to webPurchaseContainer iframe'}\n", "record": {"elapsed": {"repr": "0:00:22.200186", "seconds": 22.200186}, "exception": null, "extra": {"action": "move to webPurchaseContainer iframe"}, "file": {"name": "agent.py", "path": "/home/runner/work/Epic-Free-Games/Epic-Free-Games/epic/src/epic_games/agent.py"}, "function": "claim_weekly_games", "level": {"icon": "‚ÑπÔ∏è", "name": "INFO", "no": 20}, "line": 326, "message": "claim_weekly_games", "module": "agent", "name": "epic_games.agent", "process": {"id": 3572, "name": "MainProcess"}, "thread": {"id": 140701863902080, "name": "MainThread"}, "time": {"repr": "2024-01-22 06:25:34.166663+08:00", "timestamp": 1705875934.166663}}}
{"text": "2024-01-22 06:25:36 | INFO    | epic_games.agent:claim_weekly_games:328 | claim_weekly_games - {'action': 'click payment button'}\n", "record": {"elapsed": {"repr": "0:00:24.632346", "seconds": 24.632346}, "exception": null, "extra": {"action": "click payment button"}, "file": {"name": "agent.py", "path": "/home/runner/work/Epic-Free-Games/Epic-Free-Games/epic/src/epic_games/agent.py"}, "function": "claim_weekly_games", "level": {"icon": "‚ÑπÔ∏è", "name": "INFO", "no": 20}, "line": 328, "message": "claim_weekly_games", "module": "agent", "name": "epic_games.agent", "process": {"id": 3572, "name": "MainProcess"}, "thread": {"id": 140701863902080, "name": "MainThread"}, "time": {"repr": "2024-01-22 06:25:36.598823+08:00", "timestamp": 1705875936.598823}}}
{"text": "2024-01-22 06:25:41 | DEBUG    | hcaptcha_challenger.agents.playwright.control:_parse_label:241 | get task - {'prompt': 'Please click ea—Åh image containing a motŒør vehicle'}\n", "record": {"elapsed": {"repr": "0:00:29.635684", "seconds": 29.635684}, "exception": null, "extra": {"prompt": "Please click ea—Åh image containing a motŒør vehicle"}, "file": {"name": "control.py", "path": "/opt/hostedtoolcache/Python/3.10.13/x64/lib/python3.10/site-packages/hcaptcha_challenger/agents/playwright/control.py"}, "function": "_parse_label", "level": {"icon": "üêû", "name": "DEBUG", "no": 10}, "line": 241, "message": "get task", "module": "control", "name": "hcaptcha_challenger.agents.playwright.control", "process": {"id": 3572, "name": "MainProcess"}, "thread": {"id": 140701863902080, "name": "MainThread"}, "time": {"repr": "2024-01-22 06:25:41.602161+08:00", "timestamp": 1705875941.602161}}}
{"text": "2024-01-22 06:25:41 | DEBUG    | hcaptcha_challenger.agents.playwright.control:_match_model:251 | handle task - {'match_model': 'resnet', 'prompt': 'Please click ea—Åh image containing a motŒør vehicle'}\n", "record": {"elapsed": {"repr": "0:00:30.027652", "seconds": 30.027652}, "exception": null, "extra": {"match_model": "resnet", "prompt": "Please click ea—Åh image containing a motŒør vehicle"}, "file": {"name": "control.py", "path": "/opt/hostedtoolcache/Python/3.10.13/x64/lib/python3.10/site-packages/hcaptcha_challenger/agents/playwright/control.py"}, "function": "_match_model", "level": {"icon": "üêû", "name": "DEBUG", "no": 10}, "line": 251, "message": "handle task", "module": "control", "name": "hcaptcha_challenger.agents.playwright.control", "process": {"id": 3572, "name": "MainProcess"}, "thread": {"id": 140701863902080, "name": "MainThread"}, "time": {"repr": "2024-01-22 06:25:41.994129+08:00", "timestamp": 1705875941.994129}}}
{"text": "2024-01-22 06:25:44 | DEBUG    | epic_games.agent:insert_challenge:106 | task done - {'sattus': 'success'}\n", "record": {"elapsed": {"repr": "0:00:32.580501", "seconds": 32.580501}, "exception": null, "extra": {"sattus": "success"}, "file": {"name": "agent.py", "path": "/home/runner/work/Epic-Free-Games/Epic-Free-Games/epic/src/epic_games/agent.py"}, "function": "insert_challenge", "level": {"icon": "üêû", "name": "DEBUG", "no": 10}, "line": 106, "message": "task done", "module": "agent", "name": "epic_games.agent", "process": {"id": 3572, "name": "MainProcess"}, "thread": {"id": 140701863902080, "name": "MainThread"}, "time": {"repr": "2024-01-22 06:25:44.546978+08:00", "timestamp": 1705875944.546978}}}
{"text": "2024-01-22 06:26:16 | INFO    | epic_games.agent:claim_weekly_games:294 | claim_weekly_games - {'action': 'go to store', 'url': 'https://store.epicgames.com/en-US/p/love-65c4d0'}\n", "record": {"elapsed": {"repr": "0:01:04.791900", "seconds": 64.7919}, "exception": null, "extra": {"action": "go to store", "url": "https://store.epicgames.com/en-US/p/love-65c4d0"}, "file": {"name": "agent.py", "path": "/home/runner/work/Epic-Free-Games/Epic-Free-Games/epic/src/epic_games/agent.py"}, "function": "claim_weekly_games", "level": {"icon": "‚ÑπÔ∏è", "name": "INFO", "no": 20}, "line": 294, "message": "claim_weekly_games", "module": "agent", "name": "epic_games.agent", "process": {"id": 3572, "name": "MainProcess"}, "thread": {"id": 140701863902080, "name": "MainThread"}, "time": {"repr": "2024-01-22 06:26:16.758377+08:00", "timestamp": 1705875976.758377}}}
{"text": "2024-01-22 06:26:25 | INFO    | epic_games.agent:claim_weekly_games:326 | claim_weekly_games - {'action': 'move to webPurchaseContainer iframe'}\n", "record": {"elapsed": {"repr": "0:01:13.762095", "seconds": 73.762095}, "exception": null, "extra": {"action": "move to webPurchaseContainer iframe"}, "file": {"name": "agent.py", "path": "/home/runner/work/Epic-Free-Games/Epic-Free-Games/epic/src/epic_games/agent.py"}, "function": "claim_weekly_games", "level": {"icon": "‚ÑπÔ∏è", "name": "INFO", "no": 20}, "line": 326, "message": "claim_weekly_games", "module": "agent", "name": "epic_games.agent", "process": {"id": 3572, "name": "MainProcess"}, "thread": {"id": 140701863902080, "name": "MainThread"}, "time": {"repr": "2024-01-22 06:26:25.728572+08:00", "timestamp": 1705875985.728572}}}
{"text": "2024-01-22 06:26:28 | INFO    | epic_games.agent:claim_weekly_games:328 | claim_weekly_games - {'action': 'click payment button'}\n", "record": {"elapsed": {"repr": "0:01:16.161506", "seconds": 76.161506}, "exception": null, "extra": {"action": "click payment button"}, "file": {"name": "agent.py", "path": "/home/runner/work/Epic-Free-Games/Epic-Free-Games/epic/src/epic_games/agent.py"}, "function": "claim_weekly_games", "level": {"icon": "‚ÑπÔ∏è", "name": "INFO", "no": 20}, "line": 328, "message": "claim_weekly_games", "module": "agent", "name": "epic_games.agent", "process": {"id": 3572, "name": "MainProcess"}, "thread": {"id": 140701863902080, "name": "MainThread"}, "time": {"repr": "2024-01-22 06:26:28.127983+08:00", "timestamp": 1705875988.127983}}}
{"text": "2024-01-22 06:26:33 | DEBUG    | hcaptcha_challenger.agents.playwright.control:_parse_label:241 | get task - {'prompt': 'Œ°lease click each image containing a motor vehicle'}\n", "record": {"elapsed": {"repr": "0:01:21.164545", "seconds": 81.164545}, "exception": null, "extra": {"prompt": "Œ°lease click each image containing a motor vehicle"}, "file": {"name": "control.py", "path": "/opt/hostedtoolcache/Python/3.10.13/x64/lib/python3.10/site-packages/hcaptcha_challenger/agents/playwright/control.py"}, "function": "_parse_label", "level": {"icon": "üêû", "name": "DEBUG", "no": 10}, "line": 241, "message": "get task", "module": "control", "name": "hcaptcha_challenger.agents.playwright.control", "process": {"id": 3572, "name": "MainProcess"}, "thread": {"id": 140701863902080, "name": "MainThread"}, "time": {"repr": "2024-01-22 06:26:33.131022+08:00", "timestamp": 1705875993.131022}}}
{"text": "2024-01-22 06:26:33 | DEBUG    | hcaptcha_challenger.agents.playwright.control:_match_model:251 | handle task - {'match_model': 'resnet', 'prompt': 'Œ°lease click each image containing a motor vehicle'}\n", "record": {"elapsed": {"repr": "0:01:21.284175", "seconds": 81.284175}, "exception": null, "extra": {"match_model": "resnet", "prompt": "Œ°lease click each image containing a motor vehicle"}, "file": {"name": "control.py", "path": "/opt/hostedtoolcache/Python/3.10.13/x64/lib/python3.10/site-packages/hcaptcha_challenger/agents/playwright/control.py"}, "function": "_match_model", "level": {"icon": "üêû", "name": "DEBUG", "no": 10}, "line": 251, "message": "handle task", "module": "control", "name": "hcaptcha_challenger.agents.playwright.control", "process": {"id": 3572, "name": "MainProcess"}, "thread": {"id": 140701863902080, "name": "MainThread"}, "time": {"repr": "2024-01-22 06:26:33.250652+08:00", "timestamp": 1705875993.250652}}}
{"text": "2024-01-22 06:26:35 | DEBUG    | epic_games.agent:insert_challenge:106 | task done - {'sattus': 'success'}\n", "record": {"elapsed": {"repr": "0:01:23.679233", "seconds": 83.679233}, "exception": null, "extra": {"sattus": "success"}, "file": {"name": "agent.py", "path": "/home/runner/work/Epic-Free-Games/Epic-Free-Games/epic/src/epic_games/agent.py"}, "function": "insert_challenge", "level": {"icon": "üêû", "name": "DEBUG", "no": 10}, "line": 106, "message": "task done", "module": "agent", "name": "epic_games.agent", "process": {"id": 3572, "name": "MainProcess"}, "thread": {"id": 140701863902080, "name": "MainThread"}, "time": {"repr": "2024-01-22 06:26:35.645710+08:00", "timestamp": 1705875995.64571}}}
{"text": "2024-01-22 06:27:07 | INFO    | epic_games.agent:claim_weekly_games:294 | claim_weekly_games - {'action': 'go to store', 'url': 'https://store.epicgames.com/en-US/p/love-65c4d0'}\n", "record": {"elapsed": {"repr": "0:01:55.853534", "seconds": 115.853534}, "exception": null, "extra": {"action": "go to store", "url": "https://store.epicgames.com/en-US/p/love-65c4d0"}, "file": {"name": "agent.py", "path": "/home/runner/work/Epic-Free-Games/Epic-Free-Games/epic/src/epic_games/agent.py"}, "function": "claim_weekly_games", "level": {"icon": "‚ÑπÔ∏è", "name": "INFO", "no": 20}, "line": 294, "message": "claim_weekly_games", "module": "agent", "name": "epic_games.agent", "process": {"id": 3572, "name": "MainProcess"}, "thread": {"id": 140701863902080, "name": "MainThread"}, "time": {"repr": "2024-01-22 06:27:07.820011+08:00", "timestamp": 1705876027.820011}}}
{"text": "2024-01-22 06:27:17 | INFO    | epic_games.agent:claim_weekly_games:326 | claim_weekly_games - {'action': 'move to webPurchaseContainer iframe'}\n", "record": {"elapsed": {"repr": "0:02:05.452606", "seconds": 125.452606}, "exception": null, "extra": {"action": "move to webPurchaseContainer iframe"}, "file": {"name": "agent.py", "path": "/home/runner/work/Epic-Free-Games/Epic-Free-Games/epic/src/epic_games/agent.py"}, "function": "claim_weekly_games", "level": {"icon": "‚ÑπÔ∏è", "name": "INFO", "no": 20}, "line": 326, "message": "claim_weekly_games", "module": "agent", "name": "epic_games.agent", "process": {"id": 3572, "name": "MainProcess"}, "thread": {"id": 140701863902080, "name": "MainThread"}, "time": {"repr": "2024-01-22 06:27:17.419083+08:00", "timestamp": 1705876037.419083}}}
{"text": "2024-01-22 06:27:19 | INFO    | epic_games.agent:claim_weekly_games:328 | claim_weekly_games - {'action': 'click payment button'}\n", "record": {"elapsed": {"repr": "0:02:07.849350", "seconds": 127.84935}, "exception": null, "extra": {"action": "click payment button"}, "file": {"name": "agent.py", "path": "/home/runner/work/Epic-Free-Games/Epic-Free-Games/epic/src/epic_games/agent.py"}, "function": "claim_weekly_games", "level": {"icon": "‚ÑπÔ∏è", "name": "INFO", "no": 20}, "line": 328, "message": "claim_weekly_games", "module": "agent", "name": "epic_games.agent", "process": {"id": 3572, "name": "MainProcess"}, "thread": {"id": 140701863902080, "name": "MainThread"}, "time": {"repr": "2024-01-22 06:27:19.815827+08:00", "timestamp": 1705876039.815827}}}
{"text": "2024-01-22 06:27:24 | DEBUG    | hcaptcha_challenger.agents.playwright.control:_parse_label:241 | get task - {'prompt': 'Please click on the object that is different'}\n", "record": {"elapsed": {"repr": "0:02:12.851558", "seconds": 132.851558}, "exception": null, "extra": {"prompt": "Please click on the object that is different"}, "file": {"name": "control.py", "path": "/opt/hostedtoolcache/Python/3.10.13/x64/lib/python3.10/site-packages/hcaptcha_challenger/agents/playwright/control.py"}, "function": "_parse_label", "level": {"icon": "üêû", "name": "DEBUG", "no": 10}, "line": 241, "message": "get task", "module": "control", "name": "hcaptcha_challenger.agents.playwright.control", "process": {"id": 3572, "name": "MainProcess"}, "thread": {"id": 140701863902080, "name": "MainThread"}, "time": {"repr": "2024-01-22 06:27:24.818035+08:00", "timestamp": 1705876044.818035}}}
{"text": "2024-01-22 06:27:29 | DEBUG    | epic_games.agent:insert_challenge:106 | task done - {'sattus': 'success'}\n", "record": {"elapsed": {"repr": "0:02:17.769725", "seconds": 137.769725}, "exception": null, "extra": {"sattus": "success"}, "file": {"name": "agent.py", "path": "/home/runner/work/Epic-Free-Games/Epic-Free-Games/epic/src/epic_games/agent.py"}, "function": "insert_challenge", "level": {"icon": "üêû", "name": "DEBUG", "no": 10}, "line": 106, "message": "task done", "module": "agent", "name": "epic_games.agent", "process": {"id": 3572, "name": "MainProcess"}, "thread": {"id": 140701863902080, "name": "MainThread"}, "time": {"repr": "2024-01-22 06:27:29.736202+08:00", "timestamp": 1705876049.736202}}}
{"text": "2024-01-22 06:28:01 | ERROR    | __main__:run:158 | An error has been caught in function 'run', process 'MainProcess' (3572), thread 'MainThread' (140701863902080): - {}\nTraceback (most recent call last):\n  File \"/home/runner/work/Epic-Free-Games/Epic-Free-Games/epic/src/claim.py\", line 151, in stash\n    await self.claim_epic_games(context)\n  File \"/home/runner/work/Epic-Free-Games/Epic-Free-Games/epic/src/claim.py\", line 122, in claim_epic_games\n    await epic.claim_weekly_games(page, single_promotions)\n  File \"/opt/hostedtoolcache/Python/3.10.13/x64/lib/python3.10/site-packages/tenacity/_asyncio.py\", line 88, in async_wrapped\n    return await fn(*args, **kwargs)\n  File \"/opt/hostedtoolcache/Python/3.10.13/x64/lib/python3.10/site-packages/tenacity/_asyncio.py\", line 47, in __call__\n    do = self.iter(retry_state=retry_state)\n  File \"/opt/hostedtoolcache/Python/3.10.13/x64/lib/python3.10/site-packages/tenacity/__init__.py\", line 325, in iter\n    raise retry_exc.reraise()\n  File \"/opt/hostedtoolcache/Python/3.10.13/x64/lib/python3.10/site-packages/tenacity/__init__.py\", line 158, in reraise\n    raise self.last_attempt.result()\n  File \"/opt/hostedtoolcache/Python/3.10.13/x64/lib/python3.10/concurrent/futures/_base.py\", line 451, in result\n    return self.__get_result()\n  File \"/opt/hostedtoolcache/Python/3.10.13/x64/lib/python3.10/concurrent/futures/_base.py\", line 403, in __get_result\n    raise self._exception\n  File \"/opt/hostedtoolcache/Python/3.10.13/x64/lib/python3.10/site-packages/tenacity/_asyncio.py\", line 50, in __call__\n    result = await fn(*args, **kwargs)\n  File \"/home/runner/work/Epic-Free-Games/Epic-Free-Games/epic/src/epic_games/agent.py\", line 338, in claim_weekly_games\n    await page.wait_for_url(recur_url)\n  File \"/opt/hostedtoolcache/Python/3.10.13/x64/lib/python3.10/site-packages/playwright/async_api/_generated.py\", line 9432, in wait_for_url\n    await self._impl_obj.wait_for_url(\n  File \"/opt/hostedtoolcache/Python/3.10.13/x64/lib/python3.10/site-packages/playwright/_impl/_page.py\", line 508, in wait_for_url\n    return await self._main_frame.wait_for_url(**locals_to_params(locals()))\n  File \"/opt/hostedtoolcache/Python/3.10.13/x64/lib/python3.10/site-packages/playwright/_impl/_frame.py\", line 237, in wait_for_url\n    async with self.expect_navigation(\n  File \"/opt/hostedtoolcache/Python/3.10.13/x64/lib/python3.10/site-packages/playwright/_impl/_event_context_manager.py\", line 33, in __aexit__\n    await self._future\n  File \"/opt/hostedtoolcache/Python/3.10.13/x64/lib/python3.10/site-packages/playwright/_impl/_frame.py\", line 212, in continuation\n    event = await waiter.result()\nplaywright._impl._errors.TimeoutError: Timeout 30000ms exceeded.\n=========================== logs ===========================\nwaiting for navigation to \"https://store.epicgames.com/en-US/cart/success\" until 'load'\n============================================================\n\nDuring handling of the above exception, another exception occurred:\n\nTraceback (most recent call last):\n  File \"/home/runner/work/Epic-Free-Games/Epic-Free-Games/epic/src/claim.py\", line 162, in <module>\n    asyncio.run(run())\n  File \"/opt/hostedtoolcache/Python/3.10.13/x64/lib/python3.10/asyncio/runners.py\", line 44, in run\n    return loop.run_until_complete(main)\n  File \"/opt/hostedtoolcache/Python/3.10.13/x64/lib/python3.10/asyncio/base_events.py\", line 636, in run_until_complete\n    self.run_forever()\n  File \"/opt/hostedtoolcache/Python/3.10.13/x64/lib/python3.10/asyncio/base_events.py\", line 603, in run_forever\n    self._run_once()\n  File \"/opt/hostedtoolcache/Python/3.10.13/x64/lib/python3.10/asyncio/base_events.py\", line 1909, in _run_once\n    handle._run()\n  File \"/opt/hostedtoolcache/Python/3.10.13/x64/lib/python3.10/asyncio/events.py\", line 80, in _run\n    self._context.run(self._callback, *self._args)\n> File \"/home/runner/work/Epic-Free-Games/Epic-Free-Games/epic/src/claim.py\", line 158, in run\n    await agent.stash()\n  File \"/home/runner/work/Epic-Free-Games/Epic-Free-Games/epic/src/claim.py\", line 139, in stash\n    async with async_playwright() as p:\n  File \"/opt/hostedtoolcache/Python/3.10.13/x64/lib/python3.10/site-packages/playwright/async_api/_context_manager.py\", line 58, in __aexit__\n    await self._connection.stop_async()\n  File \"/opt/hostedtoolcache/Python/3.10.13/x64/lib/python3.10/site-packages/playwright/_impl/_connection.py\", line 289, in stop_async\n    self.cleanup()\n  File \"/opt/hostedtoolcache/Python/3.10.13/x64/lib/python3.10/site-packages/playwright/_impl/_connection.py\", line 300, in cleanup\n    callback.future.set_exception(self._closed_error)\nasyncio.exceptions.InvalidStateError: invalid state\n", "record": {"elapsed": {"repr": "0:02:49.686490", "seconds": 169.68649}, "exception": {"type": "InvalidStateError", "value": "invalid state", "traceback": true}, "extra": {}, "file": {"name": "claim.py", "path": "/home/runner/work/Epic-Free-Games/Epic-Free-Games/epic/src/claim.py"}, "function": "run", "level": {"icon": "‚ùå", "name": "ERROR", "no": 40}, "line": 158, "message": "An error has been caught in function 'run', process 'MainProcess' (3572), thread 'MainThread' (140701863902080):", "module": "claim", "name": "__main__", "process": {"id": 3572, "name": "MainProcess"}, "thread": {"id": 140701863902080, "name": "MainThread"}, "time": {"repr": "2024-01-22 06:28:01.652967+08:00", "timestamp": 1705876081.652967}}}
