{"text": "2024-02-09 06:24:58 | INFO    | __main__:stash:131 | run - {'image': '20231121', 'version': '0.10.1.post2', 'role': 'EpicPlayer', 'headless': True}\n", "record": {"elapsed": {"repr": "0:00:01.948626", "seconds": 1.948626}, "exception": null, "extra": {"image": "20231121", "version": "0.10.1.post2", "role": "EpicPlayer", "headless": true}, "file": {"name": "claim.py", "path": "/home/runner/work/Epic-Free-Games/Epic-Free-Games/epic/src/claim.py"}, "function": "stash", "level": {"icon": "‚ÑπÔ∏è", "name": "INFO", "no": 20}, "line": 131, "message": "run", "module": "claim", "name": "__main__", "process": {"id": 3637, "name": "MainProcess"}, "thread": {"id": 139836017564544, "name": "MainThread"}, "time": {"repr": "2024-02-09 06:24:58.400778+08:00", "timestamp": 1707431098.400778}}}
{"text": "2024-02-09 06:25:05 | WARNING    | epic_games.agent:get_order_history:467 | Failed to get order history, cookie may have expired - {}\n", "record": {"elapsed": {"repr": "0:00:09.084599", "seconds": 9.084599}, "exception": null, "extra": {}, "file": {"name": "agent.py", "path": "/home/runner/work/Epic-Free-Games/Epic-Free-Games/epic/src/epic_games/agent.py"}, "function": "get_order_history", "level": {"icon": "‚ö†Ô∏è", "name": "WARNING", "no": 30}, "line": 467, "message": "Failed to get order history, cookie may have expired", "module": "agent", "name": "epic_games.agent", "process": {"id": 3637, "name": "MainProcess"}, "thread": {"id": 139836017564544, "name": "MainThread"}, "time": {"repr": "2024-02-09 06:25:05.536751+08:00", "timestamp": 1707431105.536751}}}
{"text": "2024-02-09 06:25:05 | DEBUG    | __main__:create_tasks:66 | Put task - {'title': 'Doki Doki Literature Club Plus!', 'url': 'https://store.epicgames.com/en-US/p/doki-doki-literature-club-plus'}\n", "record": {"elapsed": {"repr": "0:00:09.171741", "seconds": 9.171741}, "exception": null, "extra": {"title": "Doki Doki Literature Club Plus!", "url": "https://store.epicgames.com/en-US/p/doki-doki-literature-club-plus"}, "file": {"name": "claim.py", "path": "/home/runner/work/Epic-Free-Games/Epic-Free-Games/epic/src/claim.py"}, "function": "create_tasks", "level": {"icon": "üêû", "name": "DEBUG", "no": 10}, "line": 66, "message": "Put task", "module": "claim", "name": "__main__", "process": {"id": 3637, "name": "MainProcess"}, "thread": {"id": 139836017564544, "name": "MainThread"}, "time": {"repr": "2024-02-09 06:25:05.623893+08:00", "timestamp": 1707431105.623893}}}
{"text": "2024-02-09 06:25:05 | DEBUG    | __main__:create_tasks:66 | Put task - {'title': 'Lost Castle', 'url': 'https://store.epicgames.com/en-US/p/lost-castle-abb2e2'}\n", "record": {"elapsed": {"repr": "0:00:09.172181", "seconds": 9.172181}, "exception": null, "extra": {"title": "Lost Castle", "url": "https://store.epicgames.com/en-US/p/lost-castle-abb2e2"}, "file": {"name": "claim.py", "path": "/home/runner/work/Epic-Free-Games/Epic-Free-Games/epic/src/claim.py"}, "function": "create_tasks", "level": {"icon": "üêû", "name": "DEBUG", "no": 10}, "line": 66, "message": "Put task", "module": "claim", "name": "__main__", "process": {"id": 3637, "name": "MainProcess"}, "thread": {"id": 139836017564544, "name": "MainThread"}, "time": {"repr": "2024-02-09 06:25:05.624333+08:00", "timestamp": 1707431105.624333}}}
{"text": "2024-02-09 06:25:10 | INFO    | epic_games.agent:claim_weekly_games:294 | claim_weekly_games - {'action': 'go to store', 'url': 'https://store.epicgames.com/en-US/p/doki-doki-literature-club-plus'}\n", "record": {"elapsed": {"repr": "0:00:14.401561", "seconds": 14.401561}, "exception": null, "extra": {"action": "go to store", "url": "https://store.epicgames.com/en-US/p/doki-doki-literature-club-plus"}, "file": {"name": "agent.py", "path": "/home/runner/work/Epic-Free-Games/Epic-Free-Games/epic/src/epic_games/agent.py"}, "function": "claim_weekly_games", "level": {"icon": "‚ÑπÔ∏è", "name": "INFO", "no": 20}, "line": 294, "message": "claim_weekly_games", "module": "agent", "name": "epic_games.agent", "process": {"id": 3637, "name": "MainProcess"}, "thread": {"id": 139836017564544, "name": "MainThread"}, "time": {"repr": "2024-02-09 06:25:10.853713+08:00", "timestamp": 1707431110.853713}}}
{"text": "2024-02-09 06:25:14 | INFO    | epic_games.agent:claim_weekly_games:294 | claim_weekly_games - {'action': 'go to store', 'url': 'https://store.epicgames.com/en-US/p/lost-castle-abb2e2'}\n", "record": {"elapsed": {"repr": "0:00:18.090377", "seconds": 18.090377}, "exception": null, "extra": {"action": "go to store", "url": "https://store.epicgames.com/en-US/p/lost-castle-abb2e2"}, "file": {"name": "agent.py", "path": "/home/runner/work/Epic-Free-Games/Epic-Free-Games/epic/src/epic_games/agent.py"}, "function": "claim_weekly_games", "level": {"icon": "‚ÑπÔ∏è", "name": "INFO", "no": 20}, "line": 294, "message": "claim_weekly_games", "module": "agent", "name": "epic_games.agent", "process": {"id": 3637, "name": "MainProcess"}, "thread": {"id": 139836017564544, "name": "MainThread"}, "time": {"repr": "2024-02-09 06:25:14.542529+08:00", "timestamp": 1707431114.542529}}}
{"text": "2024-02-09 06:25:26 | INFO    | epic_games.agent:claim_weekly_games:326 | claim_weekly_games - {'action': 'move to webPurchaseContainer iframe'}\n", "record": {"elapsed": {"repr": "0:00:29.872766", "seconds": 29.872766}, "exception": null, "extra": {"action": "move to webPurchaseContainer iframe"}, "file": {"name": "agent.py", "path": "/home/runner/work/Epic-Free-Games/Epic-Free-Games/epic/src/epic_games/agent.py"}, "function": "claim_weekly_games", "level": {"icon": "‚ÑπÔ∏è", "name": "INFO", "no": 20}, "line": 326, "message": "claim_weekly_games", "module": "agent", "name": "epic_games.agent", "process": {"id": 3637, "name": "MainProcess"}, "thread": {"id": 139836017564544, "name": "MainThread"}, "time": {"repr": "2024-02-09 06:25:26.324918+08:00", "timestamp": 1707431126.324918}}}
{"text": "2024-02-09 06:25:28 | INFO    | epic_games.agent:claim_weekly_games:328 | claim_weekly_games - {'action': 'click payment button'}\n", "record": {"elapsed": {"repr": "0:00:32.260541", "seconds": 32.260541}, "exception": null, "extra": {"action": "click payment button"}, "file": {"name": "agent.py", "path": "/home/runner/work/Epic-Free-Games/Epic-Free-Games/epic/src/epic_games/agent.py"}, "function": "claim_weekly_games", "level": {"icon": "‚ÑπÔ∏è", "name": "INFO", "no": 20}, "line": 328, "message": "claim_weekly_games", "module": "agent", "name": "epic_games.agent", "process": {"id": 3637, "name": "MainProcess"}, "thread": {"id": 139836017564544, "name": "MainThread"}, "time": {"repr": "2024-02-09 06:25:28.712693+08:00", "timestamp": 1707431128.712693}}}
{"text": "2024-02-09 06:25:33 | DEBUG    | hcaptcha_challenger.agents.playwright.control:_parse_label:241 | get task - {'prompt': 'Pl–µase click on the object that differs from others.'}\n", "record": {"elapsed": {"repr": "0:00:37.262332", "seconds": 37.262332}, "exception": null, "extra": {"prompt": "Pl–µase click on the object that differs from others."}, "file": {"name": "control.py", "path": "/opt/hostedtoolcache/Python/3.10.13/x64/lib/python3.10/site-packages/hcaptcha_challenger/agents/playwright/control.py"}, "function": "_parse_label", "level": {"icon": "üêû", "name": "DEBUG", "no": 10}, "line": 241, "message": "get task", "module": "control", "name": "hcaptcha_challenger.agents.playwright.control", "process": {"id": 3637, "name": "MainProcess"}, "thread": {"id": 139836017564544, "name": "MainThread"}, "time": {"repr": "2024-02-09 06:25:33.714484+08:00", "timestamp": 1707431133.714484}}}
{"text": "2024-02-09 06:25:38 | DEBUG    | epic_games.agent:insert_challenge:106 | task done - {'sattus': 'success'}\n", "record": {"elapsed": {"repr": "0:00:42.165878", "seconds": 42.165878}, "exception": null, "extra": {"sattus": "success"}, "file": {"name": "agent.py", "path": "/home/runner/work/Epic-Free-Games/Epic-Free-Games/epic/src/epic_games/agent.py"}, "function": "insert_challenge", "level": {"icon": "üêû", "name": "DEBUG", "no": 10}, "line": 106, "message": "task done", "module": "agent", "name": "epic_games.agent", "process": {"id": 3637, "name": "MainProcess"}, "thread": {"id": 139836017564544, "name": "MainThread"}, "time": {"repr": "2024-02-09 06:25:38.618030+08:00", "timestamp": 1707431138.61803}}}
{"text": "2024-02-09 06:26:10 | INFO    | epic_games.agent:claim_weekly_games:294 | claim_weekly_games - {'action': 'go to store', 'url': 'https://store.epicgames.com/en-US/p/doki-doki-literature-club-plus'}\n", "record": {"elapsed": {"repr": "0:01:14.295281", "seconds": 74.295281}, "exception": null, "extra": {"action": "go to store", "url": "https://store.epicgames.com/en-US/p/doki-doki-literature-club-plus"}, "file": {"name": "agent.py", "path": "/home/runner/work/Epic-Free-Games/Epic-Free-Games/epic/src/epic_games/agent.py"}, "function": "claim_weekly_games", "level": {"icon": "‚ÑπÔ∏è", "name": "INFO", "no": 20}, "line": 294, "message": "claim_weekly_games", "module": "agent", "name": "epic_games.agent", "process": {"id": 3637, "name": "MainProcess"}, "thread": {"id": 139836017564544, "name": "MainThread"}, "time": {"repr": "2024-02-09 06:26:10.747433+08:00", "timestamp": 1707431170.747433}}}
{"text": "2024-02-09 06:26:16 | INFO    | epic_games.agent:claim_weekly_games:294 | claim_weekly_games - {'action': 'go to store', 'url': 'https://store.epicgames.com/en-US/p/lost-castle-abb2e2'}\n", "record": {"elapsed": {"repr": "0:01:19.697045", "seconds": 79.697045}, "exception": null, "extra": {"action": "go to store", "url": "https://store.epicgames.com/en-US/p/lost-castle-abb2e2"}, "file": {"name": "agent.py", "path": "/home/runner/work/Epic-Free-Games/Epic-Free-Games/epic/src/epic_games/agent.py"}, "function": "claim_weekly_games", "level": {"icon": "‚ÑπÔ∏è", "name": "INFO", "no": 20}, "line": 294, "message": "claim_weekly_games", "module": "agent", "name": "epic_games.agent", "process": {"id": 3637, "name": "MainProcess"}, "thread": {"id": 139836017564544, "name": "MainThread"}, "time": {"repr": "2024-02-09 06:26:16.149197+08:00", "timestamp": 1707431176.149197}}}
{"text": "2024-02-09 06:26:25 | INFO    | epic_games.agent:claim_weekly_games:326 | claim_weekly_games - {'action': 'move to webPurchaseContainer iframe'}\n", "record": {"elapsed": {"repr": "0:01:28.561211", "seconds": 88.561211}, "exception": null, "extra": {"action": "move to webPurchaseContainer iframe"}, "file": {"name": "agent.py", "path": "/home/runner/work/Epic-Free-Games/Epic-Free-Games/epic/src/epic_games/agent.py"}, "function": "claim_weekly_games", "level": {"icon": "‚ÑπÔ∏è", "name": "INFO", "no": 20}, "line": 326, "message": "claim_weekly_games", "module": "agent", "name": "epic_games.agent", "process": {"id": 3637, "name": "MainProcess"}, "thread": {"id": 139836017564544, "name": "MainThread"}, "time": {"repr": "2024-02-09 06:26:25.013363+08:00", "timestamp": 1707431185.013363}}}
{"text": "2024-02-09 06:26:27 | INFO    | epic_games.agent:claim_weekly_games:328 | claim_weekly_games - {'action': 'click payment button'}\n", "record": {"elapsed": {"repr": "0:01:30.952329", "seconds": 90.952329}, "exception": null, "extra": {"action": "click payment button"}, "file": {"name": "agent.py", "path": "/home/runner/work/Epic-Free-Games/Epic-Free-Games/epic/src/epic_games/agent.py"}, "function": "claim_weekly_games", "level": {"icon": "‚ÑπÔ∏è", "name": "INFO", "no": 20}, "line": 328, "message": "claim_weekly_games", "module": "agent", "name": "epic_games.agent", "process": {"id": 3637, "name": "MainProcess"}, "thread": {"id": 139836017564544, "name": "MainThread"}, "time": {"repr": "2024-02-09 06:26:27.404481+08:00", "timestamp": 1707431187.404481}}}
{"text": "2024-02-09 06:26:32 | DEBUG    | hcaptcha_challenger.agents.playwright.control:_parse_label:241 | get task - {'prompt': 'Please click on the object that differ—ï from other—ï.'}\n", "record": {"elapsed": {"repr": "0:01:35.954743", "seconds": 95.954743}, "exception": null, "extra": {"prompt": "Please click on the object that differ—ï from other—ï."}, "file": {"name": "control.py", "path": "/opt/hostedtoolcache/Python/3.10.13/x64/lib/python3.10/site-packages/hcaptcha_challenger/agents/playwright/control.py"}, "function": "_parse_label", "level": {"icon": "üêû", "name": "DEBUG", "no": 10}, "line": 241, "message": "get task", "module": "control", "name": "hcaptcha_challenger.agents.playwright.control", "process": {"id": 3637, "name": "MainProcess"}, "thread": {"id": 139836017564544, "name": "MainThread"}, "time": {"repr": "2024-02-09 06:26:32.406895+08:00", "timestamp": 1707431192.406895}}}
{"text": "2024-02-09 06:26:37 | DEBUG    | epic_games.agent:insert_challenge:106 | task done - {'sattus': 'success'}\n", "record": {"elapsed": {"repr": "0:01:40.842645", "seconds": 100.842645}, "exception": null, "extra": {"sattus": "success"}, "file": {"name": "agent.py", "path": "/home/runner/work/Epic-Free-Games/Epic-Free-Games/epic/src/epic_games/agent.py"}, "function": "insert_challenge", "level": {"icon": "üêû", "name": "DEBUG", "no": 10}, "line": 106, "message": "task done", "module": "agent", "name": "epic_games.agent", "process": {"id": 3637, "name": "MainProcess"}, "thread": {"id": 139836017564544, "name": "MainThread"}, "time": {"repr": "2024-02-09 06:26:37.294797+08:00", "timestamp": 1707431197.294797}}}
{"text": "2024-02-09 06:27:09 | INFO    | epic_games.agent:claim_weekly_games:294 | claim_weekly_games - {'action': 'go to store', 'url': 'https://store.epicgames.com/en-US/p/doki-doki-literature-club-plus'}\n", "record": {"elapsed": {"repr": "0:02:12.991172", "seconds": 132.991172}, "exception": null, "extra": {"action": "go to store", "url": "https://store.epicgames.com/en-US/p/doki-doki-literature-club-plus"}, "file": {"name": "agent.py", "path": "/home/runner/work/Epic-Free-Games/Epic-Free-Games/epic/src/epic_games/agent.py"}, "function": "claim_weekly_games", "level": {"icon": "‚ÑπÔ∏è", "name": "INFO", "no": 20}, "line": 294, "message": "claim_weekly_games", "module": "agent", "name": "epic_games.agent", "process": {"id": 3637, "name": "MainProcess"}, "thread": {"id": 139836017564544, "name": "MainThread"}, "time": {"repr": "2024-02-09 06:27:09.443324+08:00", "timestamp": 1707431229.443324}}}
{"text": "2024-02-09 06:27:14 | INFO    | epic_games.agent:claim_weekly_games:294 | claim_weekly_games - {'action': 'go to store', 'url': 'https://store.epicgames.com/en-US/p/lost-castle-abb2e2'}\n", "record": {"elapsed": {"repr": "0:02:18.171290", "seconds": 138.17129}, "exception": null, "extra": {"action": "go to store", "url": "https://store.epicgames.com/en-US/p/lost-castle-abb2e2"}, "file": {"name": "agent.py", "path": "/home/runner/work/Epic-Free-Games/Epic-Free-Games/epic/src/epic_games/agent.py"}, "function": "claim_weekly_games", "level": {"icon": "‚ÑπÔ∏è", "name": "INFO", "no": 20}, "line": 294, "message": "claim_weekly_games", "module": "agent", "name": "epic_games.agent", "process": {"id": 3637, "name": "MainProcess"}, "thread": {"id": 139836017564544, "name": "MainThread"}, "time": {"repr": "2024-02-09 06:27:14.623442+08:00", "timestamp": 1707431234.623442}}}
{"text": "2024-02-09 06:27:23 | INFO    | epic_games.agent:claim_weekly_games:326 | claim_weekly_games - {'action': 'move to webPurchaseContainer iframe'}\n", "record": {"elapsed": {"repr": "0:02:27.285623", "seconds": 147.285623}, "exception": null, "extra": {"action": "move to webPurchaseContainer iframe"}, "file": {"name": "agent.py", "path": "/home/runner/work/Epic-Free-Games/Epic-Free-Games/epic/src/epic_games/agent.py"}, "function": "claim_weekly_games", "level": {"icon": "‚ÑπÔ∏è", "name": "INFO", "no": 20}, "line": 326, "message": "claim_weekly_games", "module": "agent", "name": "epic_games.agent", "process": {"id": 3637, "name": "MainProcess"}, "thread": {"id": 139836017564544, "name": "MainThread"}, "time": {"repr": "2024-02-09 06:27:23.737775+08:00", "timestamp": 1707431243.737775}}}
{"text": "2024-02-09 06:27:26 | INFO    | epic_games.agent:claim_weekly_games:328 | claim_weekly_games - {'action': 'click payment button'}\n", "record": {"elapsed": {"repr": "0:02:29.670318", "seconds": 149.670318}, "exception": null, "extra": {"action": "click payment button"}, "file": {"name": "agent.py", "path": "/home/runner/work/Epic-Free-Games/Epic-Free-Games/epic/src/epic_games/agent.py"}, "function": "claim_weekly_games", "level": {"icon": "‚ÑπÔ∏è", "name": "INFO", "no": 20}, "line": 328, "message": "claim_weekly_games", "module": "agent", "name": "epic_games.agent", "process": {"id": 3637, "name": "MainProcess"}, "thread": {"id": 139836017564544, "name": "MainThread"}, "time": {"repr": "2024-02-09 06:27:26.122470+08:00", "timestamp": 1707431246.12247}}}
{"text": "2024-02-09 06:27:31 | DEBUG    | hcaptcha_challenger.agents.playwright.control:_parse_label:241 | get task - {'prompt': 'Ple–∞se click on the object that differs from others.'}\n", "record": {"elapsed": {"repr": "0:02:34.672949", "seconds": 154.672949}, "exception": null, "extra": {"prompt": "Ple–∞se click on the object that differs from others."}, "file": {"name": "control.py", "path": "/opt/hostedtoolcache/Python/3.10.13/x64/lib/python3.10/site-packages/hcaptcha_challenger/agents/playwright/control.py"}, "function": "_parse_label", "level": {"icon": "üêû", "name": "DEBUG", "no": 10}, "line": 241, "message": "get task", "module": "control", "name": "hcaptcha_challenger.agents.playwright.control", "process": {"id": 3637, "name": "MainProcess"}, "thread": {"id": 139836017564544, "name": "MainThread"}, "time": {"repr": "2024-02-09 06:27:31.125101+08:00", "timestamp": 1707431251.125101}}}
{"text": "2024-02-09 06:27:36 | DEBUG    | epic_games.agent:insert_challenge:106 | task done - {'sattus': 'success'}\n", "record": {"elapsed": {"repr": "0:02:39.578799", "seconds": 159.578799}, "exception": null, "extra": {"sattus": "success"}, "file": {"name": "agent.py", "path": "/home/runner/work/Epic-Free-Games/Epic-Free-Games/epic/src/epic_games/agent.py"}, "function": "insert_challenge", "level": {"icon": "üêû", "name": "DEBUG", "no": 10}, "line": 106, "message": "task done", "module": "agent", "name": "epic_games.agent", "process": {"id": 3637, "name": "MainProcess"}, "thread": {"id": 139836017564544, "name": "MainThread"}, "time": {"repr": "2024-02-09 06:27:36.030951+08:00", "timestamp": 1707431256.030951}}}
{"text": "2024-02-09 06:28:07 | ERROR    | __main__:run:158 | An error has been caught in function 'run', process 'MainProcess' (3637), thread 'MainThread' (139836017564544): - {}\nTraceback (most recent call last):\n  File \"/home/runner/work/Epic-Free-Games/Epic-Free-Games/epic/src/claim.py\", line 151, in stash\n    await self.claim_epic_games(context)\n  File \"/home/runner/work/Epic-Free-Games/Epic-Free-Games/epic/src/claim.py\", line 122, in claim_epic_games\n    await epic.claim_weekly_games(page, single_promotions)\n  File \"/opt/hostedtoolcache/Python/3.10.13/x64/lib/python3.10/site-packages/tenacity/_asyncio.py\", line 88, in async_wrapped\n    return await fn(*args, **kwargs)\n  File \"/opt/hostedtoolcache/Python/3.10.13/x64/lib/python3.10/site-packages/tenacity/_asyncio.py\", line 47, in __call__\n    do = self.iter(retry_state=retry_state)\n  File \"/opt/hostedtoolcache/Python/3.10.13/x64/lib/python3.10/site-packages/tenacity/__init__.py\", line 325, in iter\n    raise retry_exc.reraise()\n  File \"/opt/hostedtoolcache/Python/3.10.13/x64/lib/python3.10/site-packages/tenacity/__init__.py\", line 158, in reraise\n    raise self.last_attempt.result()\n  File \"/opt/hostedtoolcache/Python/3.10.13/x64/lib/python3.10/concurrent/futures/_base.py\", line 451, in result\n    return self.__get_result()\n  File \"/opt/hostedtoolcache/Python/3.10.13/x64/lib/python3.10/concurrent/futures/_base.py\", line 403, in __get_result\n    raise self._exception\n  File \"/opt/hostedtoolcache/Python/3.10.13/x64/lib/python3.10/site-packages/tenacity/_asyncio.py\", line 50, in __call__\n    result = await fn(*args, **kwargs)\n  File \"/home/runner/work/Epic-Free-Games/Epic-Free-Games/epic/src/epic_games/agent.py\", line 338, in claim_weekly_games\n    await page.wait_for_url(recur_url)\n  File \"/opt/hostedtoolcache/Python/3.10.13/x64/lib/python3.10/site-packages/playwright/async_api/_generated.py\", line 9432, in wait_for_url\n    await self._impl_obj.wait_for_url(\n  File \"/opt/hostedtoolcache/Python/3.10.13/x64/lib/python3.10/site-packages/playwright/_impl/_page.py\", line 508, in wait_for_url\n    return await self._main_frame.wait_for_url(**locals_to_params(locals()))\n  File \"/opt/hostedtoolcache/Python/3.10.13/x64/lib/python3.10/site-packages/playwright/_impl/_frame.py\", line 237, in wait_for_url\n    async with self.expect_navigation(\n  File \"/opt/hostedtoolcache/Python/3.10.13/x64/lib/python3.10/site-packages/playwright/_impl/_event_context_manager.py\", line 33, in __aexit__\n    await self._future\n  File \"/opt/hostedtoolcache/Python/3.10.13/x64/lib/python3.10/site-packages/playwright/_impl/_frame.py\", line 212, in continuation\n    event = await waiter.result()\nplaywright._impl._errors.TimeoutError: Timeout 30000ms exceeded.\n=========================== logs ===========================\nwaiting for navigation to \"https://store.epicgames.com/en-US/cart/success\" until 'load'\n============================================================\n\nDuring handling of the above exception, another exception occurred:\n\nTraceback (most recent call last):\n  File \"/home/runner/work/Epic-Free-Games/Epic-Free-Games/epic/src/claim.py\", line 162, in <module>\n    asyncio.run(run())\n  File \"/opt/hostedtoolcache/Python/3.10.13/x64/lib/python3.10/asyncio/runners.py\", line 44, in run\n    return loop.run_until_complete(main)\n  File \"/opt/hostedtoolcache/Python/3.10.13/x64/lib/python3.10/asyncio/base_events.py\", line 636, in run_until_complete\n    self.run_forever()\n  File \"/opt/hostedtoolcache/Python/3.10.13/x64/lib/python3.10/asyncio/base_events.py\", line 603, in run_forever\n    self._run_once()\n  File \"/opt/hostedtoolcache/Python/3.10.13/x64/lib/python3.10/asyncio/base_events.py\", line 1909, in _run_once\n    handle._run()\n  File \"/opt/hostedtoolcache/Python/3.10.13/x64/lib/python3.10/asyncio/events.py\", line 80, in _run\n    self._context.run(self._callback, *self._args)\n> File \"/home/runner/work/Epic-Free-Games/Epic-Free-Games/epic/src/claim.py\", line 158, in run\n    await agent.stash()\n  File \"/home/runner/work/Epic-Free-Games/Epic-Free-Games/epic/src/claim.py\", line 139, in stash\n    async with async_playwright() as p:\n  File \"/opt/hostedtoolcache/Python/3.10.13/x64/lib/python3.10/site-packages/playwright/async_api/_context_manager.py\", line 58, in __aexit__\n    await self._connection.stop_async()\n  File \"/opt/hostedtoolcache/Python/3.10.13/x64/lib/python3.10/site-packages/playwright/_impl/_connection.py\", line 289, in stop_async\n    self.cleanup()\n  File \"/opt/hostedtoolcache/Python/3.10.13/x64/lib/python3.10/site-packages/playwright/_impl/_connection.py\", line 300, in cleanup\n    callback.future.set_exception(self._closed_error)\nasyncio.exceptions.InvalidStateError: invalid state\n", "record": {"elapsed": {"repr": "0:03:11.455644", "seconds": 191.455644}, "exception": {"type": "InvalidStateError", "value": "invalid state", "traceback": true}, "extra": {}, "file": {"name": "claim.py", "path": "/home/runner/work/Epic-Free-Games/Epic-Free-Games/epic/src/claim.py"}, "function": "run", "level": {"icon": "‚ùå", "name": "ERROR", "no": 40}, "line": 158, "message": "An error has been caught in function 'run', process 'MainProcess' (3637), thread 'MainThread' (139836017564544):", "module": "claim", "name": "__main__", "process": {"id": 3637, "name": "MainProcess"}, "thread": {"id": 139836017564544, "name": "MainThread"}, "time": {"repr": "2024-02-09 06:28:07.907796+08:00", "timestamp": 1707431287.907796}}}
