{"text": "2024-01-26 06:25:12 | INFO    | __main__:stash:131 | run - {'image': '20231121', 'version': '0.10.1.post2', 'role': 'EpicPlayer', 'headless': True}\n", "record": {"elapsed": {"repr": "0:00:01.998908", "seconds": 1.998908}, "exception": null, "extra": {"image": "20231121", "version": "0.10.1.post2", "role": "EpicPlayer", "headless": true}, "file": {"name": "claim.py", "path": "/home/runner/work/Epic-Free-Games/Epic-Free-Games/epic/src/claim.py"}, "function": "stash", "level": {"icon": "‚ÑπÔ∏è", "name": "INFO", "no": 20}, "line": 131, "message": "run", "module": "claim", "name": "__main__", "process": {"id": 3718, "name": "MainProcess"}, "thread": {"id": 139737883466624, "name": "MainThread"}, "time": {"repr": "2024-01-26 06:25:12.936548+08:00", "timestamp": 1706221512.936548}}}
{"text": "2024-01-26 06:25:20 | WARNING    | epic_games.agent:get_order_history:467 | Failed to get order history, cookie may have expired - {}\n", "record": {"elapsed": {"repr": "0:00:09.244001", "seconds": 9.244001}, "exception": null, "extra": {}, "file": {"name": "agent.py", "path": "/home/runner/work/Epic-Free-Games/Epic-Free-Games/epic/src/epic_games/agent.py"}, "function": "get_order_history", "level": {"icon": "‚ö†Ô∏è", "name": "WARNING", "no": 30}, "line": 467, "message": "Failed to get order history, cookie may have expired", "module": "agent", "name": "epic_games.agent", "process": {"id": 3718, "name": "MainProcess"}, "thread": {"id": 139737883466624, "name": "MainThread"}, "time": {"repr": "2024-01-26 06:25:20.181641+08:00", "timestamp": 1706221520.181641}}}
{"text": "2024-01-26 06:25:20 | DEBUG    | __main__:create_tasks:66 | Put task - {'title': 'Infinifactory', 'url': 'https://store.epicgames.com/en-US/p/infinifactory-ec9686'}\n", "record": {"elapsed": {"repr": "0:00:09.398646", "seconds": 9.398646}, "exception": null, "extra": {"title": "Infinifactory", "url": "https://store.epicgames.com/en-US/p/infinifactory-ec9686"}, "file": {"name": "claim.py", "path": "/home/runner/work/Epic-Free-Games/Epic-Free-Games/epic/src/claim.py"}, "function": "create_tasks", "level": {"icon": "üêû", "name": "DEBUG", "no": 10}, "line": 66, "message": "Put task", "module": "claim", "name": "__main__", "process": {"id": 3718, "name": "MainProcess"}, "thread": {"id": 139737883466624, "name": "MainThread"}, "time": {"repr": "2024-01-26 06:25:20.336286+08:00", "timestamp": 1706221520.336286}}}
{"text": "2024-01-26 06:25:25 | INFO    | epic_games.agent:claim_weekly_games:294 | claim_weekly_games - {'action': 'go to store', 'url': 'https://store.epicgames.com/en-US/p/infinifactory-ec9686'}\n", "record": {"elapsed": {"repr": "0:00:14.079283", "seconds": 14.079283}, "exception": null, "extra": {"action": "go to store", "url": "https://store.epicgames.com/en-US/p/infinifactory-ec9686"}, "file": {"name": "agent.py", "path": "/home/runner/work/Epic-Free-Games/Epic-Free-Games/epic/src/epic_games/agent.py"}, "function": "claim_weekly_games", "level": {"icon": "‚ÑπÔ∏è", "name": "INFO", "no": 20}, "line": 294, "message": "claim_weekly_games", "module": "agent", "name": "epic_games.agent", "process": {"id": 3718, "name": "MainProcess"}, "thread": {"id": 139737883466624, "name": "MainThread"}, "time": {"repr": "2024-01-26 06:25:25.016923+08:00", "timestamp": 1706221525.016923}}}
{"text": "2024-01-26 06:25:36 | INFO    | epic_games.agent:claim_weekly_games:326 | claim_weekly_games - {'action': 'move to webPurchaseContainer iframe'}\n", "record": {"elapsed": {"repr": "0:00:25.459197", "seconds": 25.459197}, "exception": null, "extra": {"action": "move to webPurchaseContainer iframe"}, "file": {"name": "agent.py", "path": "/home/runner/work/Epic-Free-Games/Epic-Free-Games/epic/src/epic_games/agent.py"}, "function": "claim_weekly_games", "level": {"icon": "‚ÑπÔ∏è", "name": "INFO", "no": 20}, "line": 326, "message": "claim_weekly_games", "module": "agent", "name": "epic_games.agent", "process": {"id": 3718, "name": "MainProcess"}, "thread": {"id": 139737883466624, "name": "MainThread"}, "time": {"repr": "2024-01-26 06:25:36.396837+08:00", "timestamp": 1706221536.396837}}}
{"text": "2024-01-26 06:25:38 | INFO    | epic_games.agent:claim_weekly_games:328 | claim_weekly_games - {'action': 'click payment button'}\n", "record": {"elapsed": {"repr": "0:00:27.850795", "seconds": 27.850795}, "exception": null, "extra": {"action": "click payment button"}, "file": {"name": "agent.py", "path": "/home/runner/work/Epic-Free-Games/Epic-Free-Games/epic/src/epic_games/agent.py"}, "function": "claim_weekly_games", "level": {"icon": "‚ÑπÔ∏è", "name": "INFO", "no": 20}, "line": 328, "message": "claim_weekly_games", "module": "agent", "name": "epic_games.agent", "process": {"id": 3718, "name": "MainProcess"}, "thread": {"id": 139737883466624, "name": "MainThread"}, "time": {"repr": "2024-01-26 06:25:38.788435+08:00", "timestamp": 1706221538.788435}}}
{"text": "2024-01-26 06:25:43 | DEBUG    | hcaptcha_challenger.agents.playwright.control:_parse_label:241 | get task - {'prompt': 'Please find and click on the number 8 in the image below.'}\n", "record": {"elapsed": {"repr": "0:00:32.851878", "seconds": 32.851878}, "exception": null, "extra": {"prompt": "Please find and click on the number 8 in the image below."}, "file": {"name": "control.py", "path": "/opt/hostedtoolcache/Python/3.10.13/x64/lib/python3.10/site-packages/hcaptcha_challenger/agents/playwright/control.py"}, "function": "_parse_label", "level": {"icon": "üêû", "name": "DEBUG", "no": 10}, "line": 241, "message": "get task", "module": "control", "name": "hcaptcha_challenger.agents.playwright.control", "process": {"id": 3718, "name": "MainProcess"}, "thread": {"id": 139737883466624, "name": "MainThread"}, "time": {"repr": "2024-01-26 06:25:43.789518+08:00", "timestamp": 1706221543.789518}}}
{"text": "2024-01-26 06:25:48 | DEBUG    | epic_games.agent:insert_challenge:106 | task done - {'sattus': 'success'}\n", "record": {"elapsed": {"repr": "0:00:37.867643", "seconds": 37.867643}, "exception": null, "extra": {"sattus": "success"}, "file": {"name": "agent.py", "path": "/home/runner/work/Epic-Free-Games/Epic-Free-Games/epic/src/epic_games/agent.py"}, "function": "insert_challenge", "level": {"icon": "üêû", "name": "DEBUG", "no": 10}, "line": 106, "message": "task done", "module": "agent", "name": "epic_games.agent", "process": {"id": 3718, "name": "MainProcess"}, "thread": {"id": 139737883466624, "name": "MainThread"}, "time": {"repr": "2024-01-26 06:25:48.805283+08:00", "timestamp": 1706221548.805283}}}
{"text": "2024-01-26 06:26:20 | INFO    | epic_games.agent:claim_weekly_games:294 | claim_weekly_games - {'action': 'go to store', 'url': 'https://store.epicgames.com/en-US/p/infinifactory-ec9686'}\n", "record": {"elapsed": {"repr": "0:01:09.999614", "seconds": 69.999614}, "exception": null, "extra": {"action": "go to store", "url": "https://store.epicgames.com/en-US/p/infinifactory-ec9686"}, "file": {"name": "agent.py", "path": "/home/runner/work/Epic-Free-Games/Epic-Free-Games/epic/src/epic_games/agent.py"}, "function": "claim_weekly_games", "level": {"icon": "‚ÑπÔ∏è", "name": "INFO", "no": 20}, "line": 294, "message": "claim_weekly_games", "module": "agent", "name": "epic_games.agent", "process": {"id": 3718, "name": "MainProcess"}, "thread": {"id": 139737883466624, "name": "MainThread"}, "time": {"repr": "2024-01-26 06:26:20.937254+08:00", "timestamp": 1706221580.937254}}}
{"text": "2024-01-26 06:26:29 | INFO    | epic_games.agent:claim_weekly_games:326 | claim_weekly_games - {'action': 'move to webPurchaseContainer iframe'}\n", "record": {"elapsed": {"repr": "0:01:18.907318", "seconds": 78.907318}, "exception": null, "extra": {"action": "move to webPurchaseContainer iframe"}, "file": {"name": "agent.py", "path": "/home/runner/work/Epic-Free-Games/Epic-Free-Games/epic/src/epic_games/agent.py"}, "function": "claim_weekly_games", "level": {"icon": "‚ÑπÔ∏è", "name": "INFO", "no": 20}, "line": 326, "message": "claim_weekly_games", "module": "agent", "name": "epic_games.agent", "process": {"id": 3718, "name": "MainProcess"}, "thread": {"id": 139737883466624, "name": "MainThread"}, "time": {"repr": "2024-01-26 06:26:29.844958+08:00", "timestamp": 1706221589.844958}}}
{"text": "2024-01-26 06:26:32 | INFO    | epic_games.agent:claim_weekly_games:328 | claim_weekly_games - {'action': 'click payment button'}\n", "record": {"elapsed": {"repr": "0:01:21.291133", "seconds": 81.291133}, "exception": null, "extra": {"action": "click payment button"}, "file": {"name": "agent.py", "path": "/home/runner/work/Epic-Free-Games/Epic-Free-Games/epic/src/epic_games/agent.py"}, "function": "claim_weekly_games", "level": {"icon": "‚ÑπÔ∏è", "name": "INFO", "no": 20}, "line": 328, "message": "claim_weekly_games", "module": "agent", "name": "epic_games.agent", "process": {"id": 3718, "name": "MainProcess"}, "thread": {"id": 139737883466624, "name": "MainThread"}, "time": {"repr": "2024-01-26 06:26:32.228773+08:00", "timestamp": 1706221592.228773}}}
{"text": "2024-01-26 06:26:37 | DEBUG    | hcaptcha_challenger.agents.playwright.control:_parse_label:241 | get task - {'prompt': 'Please find and click on the number 8 in the image below.'}\n", "record": {"elapsed": {"repr": "0:01:26.292865", "seconds": 86.292865}, "exception": null, "extra": {"prompt": "Please find and click on the number 8 in the image below."}, "file": {"name": "control.py", "path": "/opt/hostedtoolcache/Python/3.10.13/x64/lib/python3.10/site-packages/hcaptcha_challenger/agents/playwright/control.py"}, "function": "_parse_label", "level": {"icon": "üêû", "name": "DEBUG", "no": 10}, "line": 241, "message": "get task", "module": "control", "name": "hcaptcha_challenger.agents.playwright.control", "process": {"id": 3718, "name": "MainProcess"}, "thread": {"id": 139737883466624, "name": "MainThread"}, "time": {"repr": "2024-01-26 06:26:37.230505+08:00", "timestamp": 1706221597.230505}}}
{"text": "2024-01-26 06:26:42 | DEBUG    | epic_games.agent:insert_challenge:106 | task done - {'sattus': 'success'}\n", "record": {"elapsed": {"repr": "0:01:31.251920", "seconds": 91.25192}, "exception": null, "extra": {"sattus": "success"}, "file": {"name": "agent.py", "path": "/home/runner/work/Epic-Free-Games/Epic-Free-Games/epic/src/epic_games/agent.py"}, "function": "insert_challenge", "level": {"icon": "üêû", "name": "DEBUG", "no": 10}, "line": 106, "message": "task done", "module": "agent", "name": "epic_games.agent", "process": {"id": 3718, "name": "MainProcess"}, "thread": {"id": 139737883466624, "name": "MainThread"}, "time": {"repr": "2024-01-26 06:26:42.189560+08:00", "timestamp": 1706221602.18956}}}
{"text": "2024-01-26 06:27:14 | INFO    | epic_games.agent:claim_weekly_games:294 | claim_weekly_games - {'action': 'go to store', 'url': 'https://store.epicgames.com/en-US/p/infinifactory-ec9686'}\n", "record": {"elapsed": {"repr": "0:02:03.393905", "seconds": 123.393905}, "exception": null, "extra": {"action": "go to store", "url": "https://store.epicgames.com/en-US/p/infinifactory-ec9686"}, "file": {"name": "agent.py", "path": "/home/runner/work/Epic-Free-Games/Epic-Free-Games/epic/src/epic_games/agent.py"}, "function": "claim_weekly_games", "level": {"icon": "‚ÑπÔ∏è", "name": "INFO", "no": 20}, "line": 294, "message": "claim_weekly_games", "module": "agent", "name": "epic_games.agent", "process": {"id": 3718, "name": "MainProcess"}, "thread": {"id": 139737883466624, "name": "MainThread"}, "time": {"repr": "2024-01-26 06:27:14.331545+08:00", "timestamp": 1706221634.331545}}}
{"text": "2024-01-26 06:27:22 | INFO    | epic_games.agent:claim_weekly_games:326 | claim_weekly_games - {'action': 'move to webPurchaseContainer iframe'}\n", "record": {"elapsed": {"repr": "0:02:11.801270", "seconds": 131.80127}, "exception": null, "extra": {"action": "move to webPurchaseContainer iframe"}, "file": {"name": "agent.py", "path": "/home/runner/work/Epic-Free-Games/Epic-Free-Games/epic/src/epic_games/agent.py"}, "function": "claim_weekly_games", "level": {"icon": "‚ÑπÔ∏è", "name": "INFO", "no": 20}, "line": 326, "message": "claim_weekly_games", "module": "agent", "name": "epic_games.agent", "process": {"id": 3718, "name": "MainProcess"}, "thread": {"id": 139737883466624, "name": "MainThread"}, "time": {"repr": "2024-01-26 06:27:22.738910+08:00", "timestamp": 1706221642.73891}}}
{"text": "2024-01-26 06:27:25 | INFO    | epic_games.agent:claim_weekly_games:328 | claim_weekly_games - {'action': 'click payment button'}\n", "record": {"elapsed": {"repr": "0:02:14.194594", "seconds": 134.194594}, "exception": null, "extra": {"action": "click payment button"}, "file": {"name": "agent.py", "path": "/home/runner/work/Epic-Free-Games/Epic-Free-Games/epic/src/epic_games/agent.py"}, "function": "claim_weekly_games", "level": {"icon": "‚ÑπÔ∏è", "name": "INFO", "no": 20}, "line": 328, "message": "claim_weekly_games", "module": "agent", "name": "epic_games.agent", "process": {"id": 3718, "name": "MainProcess"}, "thread": {"id": 139737883466624, "name": "MainThread"}, "time": {"repr": "2024-01-26 06:27:25.132234+08:00", "timestamp": 1706221645.132234}}}
{"text": "2024-01-26 06:27:30 | DEBUG    | hcaptcha_challenger.agents.playwright.control:_parse_label:241 | get task - {'prompt': 'Œ°lease fin‘Å and cl—ñck Œøn the number 8 in the image belŒøw.'}\n", "record": {"elapsed": {"repr": "0:02:19.197424", "seconds": 139.197424}, "exception": null, "extra": {"prompt": "Œ°lease fin‘Å and cl—ñck Œøn the number 8 in the image belŒøw."}, "file": {"name": "control.py", "path": "/opt/hostedtoolcache/Python/3.10.13/x64/lib/python3.10/site-packages/hcaptcha_challenger/agents/playwright/control.py"}, "function": "_parse_label", "level": {"icon": "üêû", "name": "DEBUG", "no": 10}, "line": 241, "message": "get task", "module": "control", "name": "hcaptcha_challenger.agents.playwright.control", "process": {"id": 3718, "name": "MainProcess"}, "thread": {"id": 139737883466624, "name": "MainThread"}, "time": {"repr": "2024-01-26 06:27:30.135064+08:00", "timestamp": 1706221650.135064}}}
{"text": "2024-01-26 06:27:35 | DEBUG    | epic_games.agent:insert_challenge:106 | task done - {'sattus': 'success'}\n", "record": {"elapsed": {"repr": "0:02:24.115741", "seconds": 144.115741}, "exception": null, "extra": {"sattus": "success"}, "file": {"name": "agent.py", "path": "/home/runner/work/Epic-Free-Games/Epic-Free-Games/epic/src/epic_games/agent.py"}, "function": "insert_challenge", "level": {"icon": "üêû", "name": "DEBUG", "no": 10}, "line": 106, "message": "task done", "module": "agent", "name": "epic_games.agent", "process": {"id": 3718, "name": "MainProcess"}, "thread": {"id": 139737883466624, "name": "MainThread"}, "time": {"repr": "2024-01-26 06:27:35.053381+08:00", "timestamp": 1706221655.053381}}}
{"text": "2024-01-26 06:28:06 | ERROR    | __main__:run:158 | An error has been caught in function 'run', process 'MainProcess' (3718), thread 'MainThread' (139737883466624): - {}\nTraceback (most recent call last):\n  File \"/home/runner/work/Epic-Free-Games/Epic-Free-Games/epic/src/claim.py\", line 151, in stash\n    await self.claim_epic_games(context)\n  File \"/home/runner/work/Epic-Free-Games/Epic-Free-Games/epic/src/claim.py\", line 122, in claim_epic_games\n    await epic.claim_weekly_games(page, single_promotions)\n  File \"/opt/hostedtoolcache/Python/3.10.13/x64/lib/python3.10/site-packages/tenacity/_asyncio.py\", line 88, in async_wrapped\n    return await fn(*args, **kwargs)\n  File \"/opt/hostedtoolcache/Python/3.10.13/x64/lib/python3.10/site-packages/tenacity/_asyncio.py\", line 47, in __call__\n    do = self.iter(retry_state=retry_state)\n  File \"/opt/hostedtoolcache/Python/3.10.13/x64/lib/python3.10/site-packages/tenacity/__init__.py\", line 325, in iter\n    raise retry_exc.reraise()\n  File \"/opt/hostedtoolcache/Python/3.10.13/x64/lib/python3.10/site-packages/tenacity/__init__.py\", line 158, in reraise\n    raise self.last_attempt.result()\n  File \"/opt/hostedtoolcache/Python/3.10.13/x64/lib/python3.10/concurrent/futures/_base.py\", line 451, in result\n    return self.__get_result()\n  File \"/opt/hostedtoolcache/Python/3.10.13/x64/lib/python3.10/concurrent/futures/_base.py\", line 403, in __get_result\n    raise self._exception\n  File \"/opt/hostedtoolcache/Python/3.10.13/x64/lib/python3.10/site-packages/tenacity/_asyncio.py\", line 50, in __call__\n    result = await fn(*args, **kwargs)\n  File \"/home/runner/work/Epic-Free-Games/Epic-Free-Games/epic/src/epic_games/agent.py\", line 338, in claim_weekly_games\n    await page.wait_for_url(recur_url)\n  File \"/opt/hostedtoolcache/Python/3.10.13/x64/lib/python3.10/site-packages/playwright/async_api/_generated.py\", line 9432, in wait_for_url\n    await self._impl_obj.wait_for_url(\n  File \"/opt/hostedtoolcache/Python/3.10.13/x64/lib/python3.10/site-packages/playwright/_impl/_page.py\", line 508, in wait_for_url\n    return await self._main_frame.wait_for_url(**locals_to_params(locals()))\n  File \"/opt/hostedtoolcache/Python/3.10.13/x64/lib/python3.10/site-packages/playwright/_impl/_frame.py\", line 237, in wait_for_url\n    async with self.expect_navigation(\n  File \"/opt/hostedtoolcache/Python/3.10.13/x64/lib/python3.10/site-packages/playwright/_impl/_event_context_manager.py\", line 33, in __aexit__\n    await self._future\n  File \"/opt/hostedtoolcache/Python/3.10.13/x64/lib/python3.10/site-packages/playwright/_impl/_frame.py\", line 212, in continuation\n    event = await waiter.result()\nplaywright._impl._errors.TimeoutError: Timeout 30000ms exceeded.\n=========================== logs ===========================\nwaiting for navigation to \"https://store.epicgames.com/en-US/cart/success\" until 'load'\n============================================================\n\nDuring handling of the above exception, another exception occurred:\n\nTraceback (most recent call last):\n  File \"/home/runner/work/Epic-Free-Games/Epic-Free-Games/epic/src/claim.py\", line 162, in <module>\n    asyncio.run(run())\n  File \"/opt/hostedtoolcache/Python/3.10.13/x64/lib/python3.10/asyncio/runners.py\", line 44, in run\n    return loop.run_until_complete(main)\n  File \"/opt/hostedtoolcache/Python/3.10.13/x64/lib/python3.10/asyncio/base_events.py\", line 636, in run_until_complete\n    self.run_forever()\n  File \"/opt/hostedtoolcache/Python/3.10.13/x64/lib/python3.10/asyncio/base_events.py\", line 603, in run_forever\n    self._run_once()\n  File \"/opt/hostedtoolcache/Python/3.10.13/x64/lib/python3.10/asyncio/base_events.py\", line 1909, in _run_once\n    handle._run()\n  File \"/opt/hostedtoolcache/Python/3.10.13/x64/lib/python3.10/asyncio/events.py\", line 80, in _run\n    self._context.run(self._callback, *self._args)\n> File \"/home/runner/work/Epic-Free-Games/Epic-Free-Games/epic/src/claim.py\", line 158, in run\n    await agent.stash()\n  File \"/home/runner/work/Epic-Free-Games/Epic-Free-Games/epic/src/claim.py\", line 139, in stash\n    async with async_playwright() as p:\n  File \"/opt/hostedtoolcache/Python/3.10.13/x64/lib/python3.10/site-packages/playwright/async_api/_context_manager.py\", line 58, in __aexit__\n    await self._connection.stop_async()\n  File \"/opt/hostedtoolcache/Python/3.10.13/x64/lib/python3.10/site-packages/playwright/_impl/_connection.py\", line 289, in stop_async\n    self.cleanup()\n  File \"/opt/hostedtoolcache/Python/3.10.13/x64/lib/python3.10/site-packages/playwright/_impl/_connection.py\", line 300, in cleanup\n    callback.future.set_exception(self._closed_error)\nasyncio.exceptions.InvalidStateError: invalid state\n", "record": {"elapsed": {"repr": "0:02:55.989619", "seconds": 175.989619}, "exception": {"type": "InvalidStateError", "value": "invalid state", "traceback": true}, "extra": {}, "file": {"name": "claim.py", "path": "/home/runner/work/Epic-Free-Games/Epic-Free-Games/epic/src/claim.py"}, "function": "run", "level": {"icon": "‚ùå", "name": "ERROR", "no": 40}, "line": 158, "message": "An error has been caught in function 'run', process 'MainProcess' (3718), thread 'MainThread' (139737883466624):", "module": "claim", "name": "__main__", "process": {"id": 3718, "name": "MainProcess"}, "thread": {"id": 139737883466624, "name": "MainThread"}, "time": {"repr": "2024-01-26 06:28:06.927259+08:00", "timestamp": 1706221686.927259}}}
